<?xml version="1.0" encoding="utf-8"?><testsuites name="pytest tests"><testsuite name="pytest" errors="0" failures="0" skipped="1" tests="14" time="2.137" timestamp="2026-01-05T13:42:31.529022+00:00" hostname="agent-env-cea3dc2d-cf63-4d3c-9da8-05e6a412d2ac"><testcase classname="tests.test_forgot_password.TestForgotPasswordEndpoints" name="test_api_health_check" time="0.078" /><testcase classname="tests.test_forgot_password.TestForgotPasswordEndpoints" name="test_forgot_password_valid_email" time="0.218" /><testcase classname="tests.test_forgot_password.TestForgotPasswordEndpoints" name="test_forgot_password_nonexistent_email" time="0.041" /><testcase classname="tests.test_forgot_password.TestForgotPasswordEndpoints" name="test_forgot_password_invalid_email_format" time="0.079" /><testcase classname="tests.test_forgot_password.TestForgotPasswordEndpoints" name="test_forgot_password_missing_email" time="0.035" /><testcase classname="tests.test_forgot_password.TestForgotPasswordEndpoints" name="test_verify_otp_invalid_otp" time="0.042" /><testcase classname="tests.test_forgot_password.TestForgotPasswordEndpoints" name="test_verify_otp_missing_fields" time="0.068" /><testcase classname="tests.test_forgot_password.TestForgotPasswordEndpoints" name="test_reset_password_invalid_otp" time="0.074" /><testcase classname="tests.test_forgot_password.TestForgotPasswordEndpoints" name="test_reset_password_missing_fields" time="0.034" /><testcase classname="tests.test_forgot_password.TestForgotPasswordEndpoints" name="test_login_with_original_credentials" time="0.292" /><testcase classname="tests.test_forgot_password.TestForgotPasswordFullFlow" name="test_full_flow_step1_request_otp" time="0.154" /><testcase classname="tests.test_forgot_password.TestForgotPasswordFullFlow" name="test_full_flow_step2_verify_otp_fails_with_wrong_otp" time="0.228" /><testcase classname="tests.test_forgot_password.TestForgotPasswordFullFlow" name="test_full_flow_step3_reset_fails_with_wrong_otp" time="0.191" /><testcase classname="tests.test_forgot_password.TestForgotPasswordWithRealOTP" name="test_complete_password_reset_flow" time="0.537"><skipped type="pytest.skip" message="No OTP found in database">/app/tests/test_forgot_password.py:244: No OTP found in database</skipped></testcase></testsuite></testsuites>