<?xml version="1.0" encoding="utf-8"?><testsuites name="pytest tests"><testsuite name="pytest" errors="0" failures="0" skipped="0" tests="30" time="2.380" timestamp="2026-02-06T15:17:28.822519+00:00" hostname="agent-env-9c28f783-43df-407e-944a-d3bcc010a573"><testcase classname="backend.tests.test_api_endpoints.TestAuthentication" name="test_login_partner_success" time="0.351" /><testcase classname="backend.tests.test_api_endpoints.TestAuthentication" name="test_login_associate_success" time="0.270" /><testcase classname="backend.tests.test_api_endpoints.TestAuthentication" name="test_login_invalid_credentials" time="0.036" /><testcase classname="backend.tests.test_api_endpoints.TestAuthentication" name="test_get_current_user" time="0.306" /><testcase classname="backend.tests.test_api_endpoints.TestAuthentication" name="test_forgot_password_endpoint" time="0.049" /><testcase classname="backend.tests.test_api_endpoints.TestUsersAPI" name="test_get_users_list" time="0.041" /><testcase classname="backend.tests.test_api_endpoints.TestUsersAPI" name="test_get_users_with_inactive" time="0.037" /><testcase classname="backend.tests.test_api_endpoints.TestUsersAPI" name="test_get_specific_user" time="0.087" /><testcase classname="backend.tests.test_api_endpoints.TestTasksAPI" name="test_get_tasks_list" time="0.033" /><testcase classname="backend.tests.test_api_endpoints.TestTasksAPI" name="test_get_tasks_with_status_filter" time="0.036" /><testcase classname="backend.tests.test_api_endpoints.TestTasksAPI" name="test_create_task" time="0.047" /><testcase classname="backend.tests.test_api_endpoints.TestAttendanceAPI" name="test_get_today_attendance" time="0.041" /><testcase classname="backend.tests.test_api_endpoints.TestAttendanceAPI" name="test_get_attendance_settings" time="0.037" /><testcase classname="backend.tests.test_api_endpoints.TestAttendanceAPI" name="test_get_attendance_rules" time="0.038" /><testcase classname="backend.tests.test_api_endpoints.TestAttendanceAPI" name="test_get_holidays" time="0.037" /><testcase classname="backend.tests.test_api_endpoints.TestAttendanceAPI" name="test_get_attendance_history" time="0.044" /><testcase classname="backend.tests.test_api_endpoints.TestTimesheetsAPI" name="test_get_weekly_timesheet" time="0.037" /><testcase classname="backend.tests.test_api_endpoints.TestTimesheetsAPI" name="test_get_daily_timesheet" time="0.037" /><testcase classname="backend.tests.test_api_endpoints.TestTimesheetsAPI" name="test_get_monthly_timesheet" time="0.037" /><testcase classname="backend.tests.test_api_endpoints.TestTimesheetsAPI" name="test_get_team_timesheet" time="0.046" /><testcase classname="backend.tests.test_api_endpoints.TestDashboardAPI" name="test_get_dashboard" time="0.043" /><testcase classname="backend.tests.test_api_endpoints.TestNotificationsAPI" name="test_get_notifications" time="0.034" /><testcase classname="backend.tests.test_api_endpoints.TestCategoriesAPI" name="test_get_categories" time="0.037" /><testcase classname="backend.tests.test_api_endpoints.TestClientsAPI" name="test_get_clients" time="0.037" /><testcase classname="backend.tests.test_api_endpoints.TestRouteConflicts" name="test_no_duplicate_route_conflicts" time="0.297" /><testcase classname="backend.tests.test_api_endpoints.TestRouteConflicts" name="test_auth_routes_from_module" time="0.039" /><testcase classname="backend.tests.test_api_endpoints.TestRouteConflicts" name="test_users_routes_from_module" time="0.034" /><testcase classname="backend.tests.test_api_endpoints.TestRouteConflicts" name="test_tasks_routes_from_module" time="0.034" /><testcase classname="backend.tests.test_api_endpoints.TestRouteConflicts" name="test_attendance_routes_from_module" time="0.045" /><testcase classname="backend.tests.test_api_endpoints.TestRouteConflicts" name="test_timesheets_routes_from_module" time="0.037" /></testsuite></testsuites>