<?xml version="1.0" encoding="utf-8"?><testsuites name="pytest tests"><testsuite name="pytest" errors="0" failures="0" skipped="0" tests="11" time="5.416" timestamp="2026-02-20T12:10:44.216677+00:00" hostname="agent-env-c3cedfa5-ac78-4905-ad11-d326a8d75acf"><testcase classname="backend.tests.test_projects_api.TestProjectsAPI" name="test_01_api_health" time="0.578" /><testcase classname="backend.tests.test_projects_api.TestProjectsAPI" name="test_02_get_projects_list" time="0.440" /><testcase classname="backend.tests.test_projects_api.TestProjectsAPI" name="test_03_get_templates_list" time="0.427" /><testcase classname="backend.tests.test_projects_api.TestProjectsAPI" name="test_04_get_clients_for_dropdown" time="0.412" /><testcase classname="backend.tests.test_projects_api.TestProjectsAPI" name="test_05_get_categories_for_dropdown" time="0.404" /><testcase classname="backend.tests.test_projects_api.TestProjectsAPI" name="test_06_create_project_with_tasks" time="0.568" /><testcase classname="backend.tests.test_projects_api.TestProjectsAPI" name="test_07_get_project_details" time="0.544" /><testcase classname="backend.tests.test_projects_api.TestProjectsAPI" name="test_08_create_template" time="0.507" /><testcase classname="backend.tests.test_projects_api.TestProjectsAPI" name="test_09_delete_project_deletes_tasks" time="0.577" /><testcase classname="backend.tests.test_projects_api.TestProjectsAPI" name="test_10_partner_can_edit_own_template" time="0.417" /><testcase classname="backend.tests.test_projects_api.TestProjectsAPI" name="test_11_partner_cannot_edit_global_template" time="0.455" /></testsuite></testsuites>