<?xml version="1.0" encoding="utf-8"?><testsuites name="pytest tests"><testsuite name="pytest" errors="0" failures="0" skipped="0" tests="10" time="9.821" timestamp="2026-05-30T10:57:12.232655+00:00" hostname="agent-env-f5d8ef1e-1cec-428b-864c-91e0df8db59b"><testcase classname="backend.tests.test_associate_director_features.TestMultiTenantEmail" name="test_01_email_uniqueness_within_tenant" time="0.873" /><testcase classname="backend.tests.test_associate_director_features.TestMultiTenantEmail" name="test_02_email_uniqueness_check_is_tenant_scoped" time="0.742" /><testcase classname="backend.tests.test_associate_director_features.TestAssociateDirectorRole" name="test_01_create_associate_director_with_managed_members" time="0.674" /><testcase classname="backend.tests.test_associate_director_features.TestAssociateDirectorRole" name="test_02_ad_can_view_managed_member_tasks" time="1.293" /><testcase classname="backend.tests.test_associate_director_features.TestAssociateDirectorRole" name="test_03_ad_can_edit_managed_member_task" time="1.223" /><testcase classname="backend.tests.test_associate_director_features.TestAssociateDirectorRole" name="test_04_ad_cannot_view_unmanaged_member_tasks" time="1.232" /><testcase classname="backend.tests.test_associate_director_features.TestAssociateDirectorRole" name="test_05_ad_can_get_specific_managed_task" time="1.452" /><testcase classname="backend.tests.test_associate_director_features.TestPartnerPermissions" name="test_01_partner_sees_all_tasks" time="0.717" /><testcase classname="backend.tests.test_associate_director_features.TestPartnerPermissions" name="test_02_partner_can_edit_any_task" time="0.485" /><testcase classname="backend.tests.test_associate_director_features.TestDashboardForAD" name="test_01_ad_dashboard_shows_managed_member_stats" time="1.061" /></testsuite></testsuites>