<?xml version="1.0" encoding="utf-8"?><testsuites name="pytest tests"><testsuite name="pytest" errors="0" failures="0" skipped="0" tests="13" time="14.182" timestamp="2026-04-24T13:24:22.319832+00:00" hostname="agent-env-f5d8ef1e-1cec-428b-864c-91e0df8db59b"><testcase classname="backend.tests.test_recurring_enhancements.TestRecurringEnhancements" name="test_01_daily_recurring_with_exclude_sunday" time="1.794" /><testcase classname="backend.tests.test_recurring_enhancements.TestRecurringEnhancements" name="test_02_daily_recurring_exclude_saturday_sunday" time="1.895" /><testcase classname="backend.tests.test_recurring_enhancements.TestRecurringEnhancements" name="test_03_daily_recurring_no_exclusions" time="1.941" /><testcase classname="backend.tests.test_recurring_enhancements.TestRecurringEnhancements" name="test_04_every_working_day_recurrence" time="1.858" /><testcase classname="backend.tests.test_recurring_enhancements.TestRecurringEnhancements" name="test_05_verify_working_day_excludes_sunday" time="1.919" /><testcase classname="backend.tests.test_recurring_enhancements.TestRecurringEnhancements" name="test_06_weekly_recurrence_still_works" time="0.791" /><testcase classname="backend.tests.test_recurring_enhancements.TestRecurringEnhancements" name="test_07_fortnightly_recurrence_still_works" time="0.603" /><testcase classname="backend.tests.test_recurring_enhancements.TestRecurringEnhancements" name="test_08_monthly_recurrence_still_works" time="0.631" /><testcase classname="backend.tests.test_recurring_enhancements.TestRecurringEnhancements" name="test_09_custom_day_of_month_still_works" time="0.604" /><testcase classname="backend.tests.test_recurring_enhancements.TestRecurringEnhancements" name="test_10_custom_day_of_week_still_works" time="0.665" /><testcase classname="backend.tests.test_recurring_enhancements.TestRecurringEnhancements" name="test_11_half_yearly_recurrence_still_works" time="0.436" /><testcase classname="backend.tests.test_recurring_enhancements.TestRecurringEnhancements" name="test_12_annually_recurrence_still_works" time="0.478" /><testcase classname="backend.tests.test_recurring_enhancements.TestNonRecurringTaskBaseline" name="test_non_recurring_task_creation" time="0.496" /></testsuite></testsuites>