<?xml version="1.0" encoding="utf-8"?><testsuites name="pytest tests"><testsuite name="pytest" errors="0" failures="0" skipped="0" tests="9" time="4.718" timestamp="2026-02-20T09:41:43.360239+00:00" hostname="agent-env-9db187e7-cf38-4502-98a0-f08adae9fdbb"><testcase classname="backend.tests.test_tenant_management.TestTenantManagement" name="test_01_list_tenants" time="0.519" /><testcase classname="backend.tests.test_tenant_management.TestTenantManagement" name="test_02_create_test_tenant_for_deactivation" time="0.451" /><testcase classname="backend.tests.test_tenant_management.TestTenantManagement" name="test_03_deactivate_tenant" time="0.580" /><testcase classname="backend.tests.test_tenant_management.TestTenantManagement" name="test_04_reactivate_tenant" time="0.539" /><testcase classname="backend.tests.test_tenant_management.TestTenantManagement" name="test_05_delete_tenant_permanently" time="0.535" /><testcase classname="backend.tests.test_tenant_management.TestTenantManagement" name="test_06_cannot_delete_taskact1_tenant" time="0.588" /><testcase classname="backend.tests.test_tenant_management.TestTenantManagement" name="test_07_cannot_reactivate_already_active_tenant" time="0.533" /><testcase classname="backend.tests.test_tenant_management.TestTenantUserAccess" name="test_tenant_user_cannot_list_tenants" time="0.479" /><testcase classname="backend.tests.test_tenant_management.TestTenantUserAccess" name="test_tenant_user_cannot_deactivate_tenant" time="0.442" /></testsuite></testsuites>