<?xml version="1.0" encoding="utf-8"?><testsuites name="pytest tests"><testsuite name="pytest" errors="0" failures="0" skipped="0" tests="8" time="5.344" timestamp="2026-05-05T08:29:13.992443+00:00" hostname="agent-env-f5d8ef1e-1cec-428b-864c-91e0df8db59b"><testcase classname="backend.tests.test_project_enhancements.TestProjectEnhancements" name="test_01_due_date_cascade_on_project_update" time="0.785" /><testcase classname="backend.tests.test_project_enhancements.TestProjectEnhancements" name="test_02_due_date_cascade_with_mixed_task_statuses" time="0.673" /><testcase classname="backend.tests.test_project_enhancements.TestProjectEnhancements" name="test_03_project_status_pending_when_tasks_not_completed" time="0.519" /><testcase classname="backend.tests.test_project_enhancements.TestProjectEnhancements" name="test_04_project_status_completed_when_all_tasks_completed" time="0.620" /><testcase classname="backend.tests.test_project_enhancements.TestProjectEnhancements" name="test_05_project_status_pending_when_some_tasks_completed" time="0.626" /><testcase classname="backend.tests.test_project_enhancements.TestProjectEnhancements" name="test_06_project_status_on_hold_stays_on_hold" time="0.686" /><testcase classname="backend.tests.test_project_enhancements.TestProjectEnhancements" name="test_07_project_with_zero_tasks_shows_pending" time="0.629" /><testcase classname="backend.tests.test_project_enhancements.TestProjectEnhancements" name="test_08_status_transition_pending_to_completed_to_pending" time="0.734" /></testsuite></testsuites>