<?xml version="1.0" encoding="utf-8"?><testsuites name="pytest tests"><testsuite name="pytest" errors="0" failures="0" skipped="0" tests="23" time="4.632" timestamp="2026-02-19T13:01:16.129100+00:00" hostname="agent-env-d0db60bb-1be7-4364-bc55-5c3047f3bad8"><testcase classname="backend.tests.test_multitenant_projects.TestTenantLookupAPI" name="test_tenant_lookup_valid_code" time="0.140" /><testcase classname="backend.tests.test_multitenant_projects.TestTenantLookupAPI" name="test_tenant_lookup_invalid_code" time="0.101" /><testcase classname="backend.tests.test_multitenant_projects.TestTenantLookupAPI" name="test_tenant_lookup_lowercase_code" time="0.112" /><testcase classname="backend.tests.test_multitenant_projects.TestMultiTenantLogin" name="test_login_with_company_code" time="0.344" /><testcase classname="backend.tests.test_multitenant_projects.TestMultiTenantLogin" name="test_login_invalid_company_code" time="0.116" /><testcase classname="backend.tests.test_multitenant_projects.TestMultiTenantLogin" name="test_login_wrong_password" time="0.385" /><testcase classname="backend.tests.test_multitenant_projects.TestMultiTenantLogin" name="test_get_current_user_with_tenant" time="0.443" /><testcase classname="backend.tests.test_multitenant_projects.TestSuperAdminAPI" name="test_super_admin_login" time="0.352" /><testcase classname="backend.tests.test_multitenant_projects.TestSuperAdminAPI" name="test_super_admin_login_invalid" time="0.119" /><testcase classname="backend.tests.test_multitenant_projects.TestSuperAdminAPI" name="test_super_admin_me" time="0.437" /><testcase classname="backend.tests.test_multitenant_projects.TestSuperAdminAPI" name="test_super_admin_dashboard" time="0.108" /><testcase classname="backend.tests.test_multitenant_projects.TestSuperAdminAPI" name="test_get_tenants_list" time="0.109" /><testcase classname="backend.tests.test_multitenant_projects.TestSuperAdminAPI" name="test_get_tenant_users" time="0.220" /><testcase classname="backend.tests.test_multitenant_projects.TestProjectsAPI" name="test_get_projects_list" time="0.123" /><testcase classname="backend.tests.test_multitenant_projects.TestProjectsAPI" name="test_create_project" time="0.213" /><testcase classname="backend.tests.test_multitenant_projects.TestProjectsAPI" name="test_create_project_with_assignee" time="0.104" /><testcase classname="backend.tests.test_multitenant_projects.TestProjectsAPI" name="test_get_specific_project" time="0.229" /><testcase classname="backend.tests.test_multitenant_projects.TestProjectTemplatesAPI" name="test_get_templates_list" time="0.114" /><testcase classname="backend.tests.test_multitenant_projects.TestProjectTemplatesAPI" name="test_create_template" time="0.116" /><testcase classname="backend.tests.test_multitenant_projects.TestProjectTemplatesAPI" name="test_use_template" time="0.218" /><testcase classname="backend.tests.test_multitenant_projects.TestSubTasksAPI" name="test_add_subtask" time="0.138" /><testcase classname="backend.tests.test_multitenant_projects.TestSubTasksAPI" name="test_update_subtask_status" time="0.222" /><testcase classname="backend.tests.test_multitenant_projects.TestDataIsolation" name="test_projects_filtered_by_tenant" time="0.108" /></testsuite></testsuites>