<?xml version="1.0" encoding="utf-8"?><testsuites name="pytest tests"><testsuite name="pytest" errors="0" failures="0" skipped="0" tests="8" time="5.687" timestamp="2026-05-05T09:04:41.509754+00:00" hostname="agent-env-f5d8ef1e-1cec-428b-864c-91e0df8db59b"><testcase classname="backend.tests.test_task_status_redetermination.TestTaskStatusRedetermination" name="test_01_tasks_become_overdue_when_project_due_date_set_to_past" time="0.733" /><testcase classname="backend.tests.test_task_status_redetermination.TestTaskStatusRedetermination" name="test_02_tasks_become_pending_when_project_due_date_set_to_future" time="0.506" /><testcase classname="backend.tests.test_task_status_redetermination.TestTaskStatusRedetermination" name="test_03_completed_tasks_keep_status_when_due_date_changes" time="0.684" /><testcase classname="backend.tests.test_task_status_redetermination.TestTaskStatusRedetermination" name="test_04_on_hold_tasks_keep_status_when_due_date_changes" time="0.751" /><testcase classname="backend.tests.test_task_status_redetermination.TestTaskStatusRedetermination" name="test_05_status_redetermination_round_trip" time="0.750" /><testcase classname="backend.tests.test_task_status_redetermination.TestTaskStatusRedetermination" name="test_06_mixed_task_statuses_redetermination" time="1.028" /><testcase classname="backend.tests.test_task_status_redetermination.TestDueDateCascadeRegression" name="test_07_due_date_cascade_still_works" time="0.529" /><testcase classname="backend.tests.test_task_status_redetermination.TestDueDateCascadeRegression" name="test_08_project_auto_computed_status_still_works" time="0.637" /></testsuite></testsuites>