<?xml version="1.0" encoding="utf-8"?><testsuites name="pytest tests"><testsuite name="pytest" errors="0" failures="0" skipped="0" tests="8" time="2.658" timestamp="2026-05-26T07:11:34.225521+00:00" hostname="agent-env-f5d8ef1e-1cec-428b-864c-91e0df8db59b"><testcase classname="backend.tests.test_four_fixes.TestTokenExpiry" name="test_01_login_returns_valid_token" time="0.444" /><testcase classname="backend.tests.test_four_fixes.TestTokenExpiry" name="test_02_token_expiry_is_8_hours" time="0.000" /><testcase classname="backend.tests.test_four_fixes.TestTokenExpiry" name="test_03_expired_token_returns_401" time="0.105" /><testcase classname="backend.tests.test_four_fixes.TestTokenExpiry" name="test_04_valid_token_works" time="0.126" /><testcase classname="backend.tests.test_four_fixes.TestDashboardAPI" name="test_01_dashboard_returns_task_counts" time="0.479" /><testcase classname="backend.tests.test_four_fixes.TestDashboardAPI" name="test_02_dashboard_returns_overdue_and_due_7_days" time="0.488" /><testcase classname="backend.tests.test_four_fixes.TestUsersAPI" name="test_01_users_have_active_field" time="0.502" /><testcase classname="backend.tests.test_four_fixes.TestTasksAPI" name="test_01_tasks_have_due_date_field" time="0.443" /></testsuite></testsuites>