<?xml version="1.0" encoding="utf-8"?><testsuites name="pytest tests"><testsuite name="pytest" errors="0" failures="0" skipped="0" tests="16" time="5.554" timestamp="2026-04-24T13:03:00.354063+00:00" hostname="agent-env-f5d8ef1e-1cec-428b-864c-91e0df8db59b"><testcase classname="tests.test_new_features.TestProjectTaskReassignment" name="test_01_get_existing_project_with_tasks" time="0.579" /><testcase classname="tests.test_new_features.TestProjectTaskReassignment" name="test_02_reassign_task_to_different_user" time="0.142" /><testcase classname="tests.test_new_features.TestProjectTaskReassignment" name="test_03_reassign_task_invalid_assignee" time="0.099" /><testcase classname="tests.test_new_features.TestProjectTaskReassignment" name="test_04_reassign_task_invalid_project" time="0.050" /><testcase classname="tests.test_new_features.TestProjectTaskReassignment" name="test_05_reassign_task_invalid_task" time="0.052" /><testcase classname="tests.test_new_features.TestRecurringTaskCreation" name="test_01_create_daily_recurring_task" time="0.680" /><testcase classname="tests.test_new_features.TestRecurringTaskCreation" name="test_02_create_weekly_recurring_task_with_day" time="0.053" /><testcase classname="tests.test_new_features.TestRecurringTaskCreation" name="test_03_create_fortnightly_recurring_task" time="0.058" /><testcase classname="tests.test_new_features.TestRecurringTaskCreation" name="test_04_create_monthly_recurring_task" time="0.055" /><testcase classname="tests.test_new_features.TestRecurringTaskCreation" name="test_05_create_custom_day_of_month_task" time="0.059" /><testcase classname="tests.test_new_features.TestRecurringTaskCreation" name="test_06_create_custom_day_of_week_task" time="0.054" /><testcase classname="tests.test_new_features.TestRecurringTaskCreation" name="test_07_create_half_yearly_recurring_task" time="0.054" /><testcase classname="tests.test_new_features.TestRecurringTaskCreation" name="test_08_create_annually_recurring_task" time="0.054" /><testcase classname="tests.test_new_features.TestRecurringTaskCreation" name="test_09_verify_child_tasks_have_parent_id" time="0.067" /><testcase classname="tests.test_new_features.TestRecurringTaskCreation" name="test_10_create_non_recurring_task" time="0.060" /><testcase classname="tests.test_new_features.TestRecurringTaskCreation" name="test_99_cleanup_test_tasks" time="3.384" /></testsuite></testsuites>